<?xml version="1.0" encoding="UTF-8"?>
<testsuite xmlns:xsi="http://www.w3.org/2001/XMLSchema-instance" xsi:noNamespaceSchemaLocation="https://maven.apache.org/surefire/maven-failsafe-plugin/xsd/failsafe-test-report-3.0.xsd" version="3.0" name="com.thina.smartfarm.web.rest.errors.ExceptionTranslatorIT" time="0.457" tests="9" errors="0" skipped="0" failures="0">
  <properties>
[...]
</properties>
  <testcase name="testMissingServletRequestPartException" classname="com.thina.smartfarm.web.rest.errors.ExceptionTranslatorIT" time="0.06"/>
  <testcase name="testMissingServletRequestParameterException" classname="com.thina.smartfarm.web.rest.errors.ExceptionTranslatorIT" time="0.054"/>
  <testcase name="testAccessDenied" classname="com.thina.smartfarm.web.rest.errors.ExceptionTranslatorIT" time="0.065"/>
  <testcase name="testInternalServerError" classname="com.thina.smartfarm.web.rest.errors.ExceptionTranslatorIT" time="0.087"/>
  <testcase name="testMethodNotSupported" classname="com.thina.smartfarm.web.rest.errors.ExceptionTranslatorIT" time="0.015"/>
  <testcase name="testExceptionWithResponseStatus" classname="com.thina.smartfarm.web.rest.errors.ExceptionTranslatorIT" time="0.036"/>
  <testcase name="testMethodArgumentNotValid" classname="com.thina.smartfarm.web.rest.errors.ExceptionTranslatorIT" time="0.047"/>
  <testcase name="testUnauthorized" classname="com.thina.smartfarm.web.rest.errors.ExceptionTranslatorIT" time="0.043"/>
  <testcase name="testConcurrencyFailure" classname="com.thina.smartfarm.web.rest.errors.ExceptionTranslatorIT" time="0.039"/>
</testsuite>